{"/home/lassi/projects/openkoutsi/frontend/src/lib/api.ts": {"path":"/home/lassi/projects/openkoutsi/frontend/src/lib/api.ts","statementMap":{"0":{"start":{"line":3,"column":23},"end":{"line":3,"column":null}},"1":{"start":{"line":6,"column":34},"end":{"line":6,"column":null}},"2":{"start":{"line":9,"column":31},"end":{"line":9,"column":null}},"3":{"start":{"line":12,"column":2},"end":{"line":12,"column":null}},"4":{"start":{"line":16,"column":2},"end":{"line":16,"column":null}},"5":{"start":{"line":20,"column":2},"end":{"line":20,"column":null}},"6":{"start":{"line":24,"column":2},"end":{"line":24,"column":null}},"7":{"start":{"line":28,"column":2},"end":{"line":28,"column":null}},"8":{"start":{"line":35,"column":2},"end":{"line":37,"column":null}},"9":{"start":{"line":36,"column":19},"end":{"line":36,"column":null}},"10":{"start":{"line":37,"column":4},"end":{"line":37,"column":null}},"11":{"start":{"line":42,"column":2},"end":{"line":43,"column":null}},"12":{"start":{"line":43,"column":4},"end":{"line":43,"column":null}},"13":{"start":{"line":48,"column":2},"end":{"line":48,"column":null}},"14":{"start":{"line":48,"column":18},"end":{"line":48,"column":null}},"15":{"start":{"line":49,"column":2},"end":{"line":59,"column":null}},"16":{"start":{"line":50,"column":16},"end":{"line":53,"column":6}},"17":{"start":{"line":54,"column":4},"end":{"line":54,"column":null}},"18":{"start":{"line":54,"column":17},"end":{"line":54,"column":null}},"19":{"start":{"line":55,"column":28},"end":{"line":55,"column":44}},"20":{"start":{"line":56,"column":4},"end":{"line":56,"column":null}},"21":{"start":{"line":57,"column":4},"end":{"line":57,"column":null}},"22":{"start":{"line":59,"column":4},"end":{"line":59,"column":null}},"23":{"start":{"line":68,"column":42},"end":{"line":69,"column":null}},"24":{"start":{"line":72,"column":2},"end":{"line":73,"column":null}},"25":{"start":{"line":73,"column":4},"end":{"line":73,"column":null}},"26":{"start":{"line":77,"column":2},"end":{"line":78,"column":null}},"27":{"start":{"line":78,"column":4},"end":{"line":78,"column":null}},"28":{"start":{"line":81,"column":14},"end":{"line":85,"column":4}},"29":{"start":{"line":87,"column":2},"end":{"line":100,"column":null}},"30":{"start":{"line":88,"column":22},"end":{"line":88,"column":44}},"31":{"start":{"line":89,"column":4},"end":{"line":90,"column":null}},"32":{"start":{"line":90,"column":6},"end":{"line":90,"column":null}},"33":{"start":{"line":92,"column":4},"end":{"line":92,"column":null}},"34":{"start":{"line":93,"column":4},"end":{"line":97,"column":null}},"35":{"start":{"line":94,"column":25},"end":{"line":94,"column":null}},"36":{"start":{"line":95,"column":25},"end":{"line":95,"column":85}},"37":{"start":{"line":95,"column":48},"end":{"line":95,"column":84}},"38":{"start":{"line":96,"column":6},"end":{"line":97,"column":null}},"39":{"start":{"line":97,"column":8},"end":{"line":97,"column":null}},"40":{"start":{"line":100,"column":4},"end":{"line":100,"column":null}},"41":{"start":{"line":103,"column":2},"end":{"line":120,"column":null}},"42":{"start":{"line":104,"column":18},"end":{"line":104,"column":null}},"43":{"start":{"line":105,"column":4},"end":{"line":117,"column":null}},"44":{"start":{"line":106,"column":18},"end":{"line":106,"column":34}},"45":{"start":{"line":107,"column":6},"end":{"line":115,"column":null}},"46":{"start":{"line":108,"column":8},"end":{"line":108,"column":null}},"47":{"start":{"line":109,"column":17},"end":{"line":115,"column":null}},"48":{"start":{"line":111,"column":8},"end":{"line":113,"column":null}},"49":{"start":{"line":112,"column":39},"end":{"line":112,"column":77}},"50":{"start":{"line":114,"column":17},"end":{"line":115,"column":null}},"51":{"start":{"line":115,"column":8},"end":{"line":115,"column":null}},"52":{"start":{"line":120,"column":4},"end":{"line":120,"column":null}},"53":{"start":{"line":123,"column":2},"end":{"line":123,"column":null}},"54":{"start":{"line":123,"column":26},"end":{"line":123,"column":null}},"55":{"start":{"line":125,"column":2},"end":{"line":125,"column":null}},"56":{"start":{"line":129,"column":13},"end":{"line":129,"column":61}},"57":{"start":{"line":129,"column":44},"end":{"line":129,"column":61}},"58":{"start":{"line":132,"column":2},"end":{"line":132,"column":null}},"59":{"start":{"line":136,"column":2},"end":{"line":136,"column":null}},"60":{"start":{"line":144,"column":42},"end":{"line":144,"column":44}},"61":{"start":{"line":145,"column":2},"end":{"line":146,"column":null}},"62":{"start":{"line":146,"column":4},"end":{"line":146,"column":null}},"63":{"start":{"line":149,"column":14},"end":{"line":149,"column":83}},"64":{"start":{"line":151,"column":2},"end":{"line":160,"column":null}},"65":{"start":{"line":152,"column":22},"end":{"line":152,"column":44}},"66":{"start":{"line":153,"column":4},"end":{"line":154,"column":null}},"67":{"start":{"line":154,"column":6},"end":{"line":154,"column":null}},"68":{"start":{"line":156,"column":4},"end":{"line":156,"column":null}},"69":{"start":{"line":157,"column":4},"end":{"line":158,"column":null}},"70":{"start":{"line":158,"column":6},"end":{"line":158,"column":null}},"71":{"start":{"line":160,"column":4},"end":{"line":160,"column":null}},"72":{"start":{"line":163,"column":2},"end":{"line":171,"column":null}},"73":{"start":{"line":164,"column":18},"end":{"line":164,"column":null}},"74":{"start":{"line":165,"column":4},"end":{"line":168,"column":null}},"75":{"start":{"line":166,"column":18},"end":{"line":166,"column":34}},"76":{"start":{"line":167,"column":6},"end":{"line":167,"column":null}},"77":{"start":{"line":171,"column":4},"end":{"line":171,"column":null}},"78":{"start":{"line":174,"column":15},"end":{"line":174,"column":31}},"79":{"start":{"line":175,"column":14},"end":{"line":175,"column":39}},"80":{"start":{"line":176,"column":12},"end":{"line":176,"column":39}},"81":{"start":{"line":177,"column":2},"end":{"line":177,"column":null}},"82":{"start":{"line":178,"column":2},"end":{"line":178,"column":null}},"83":{"start":{"line":179,"column":2},"end":{"line":179,"column":null}},"84":{"start":{"line":180,"column":2},"end":{"line":180,"column":null}},"85":{"start":{"line":181,"column":2},"end":{"line":181,"column":null}},"86":{"start":{"line":182,"column":2},"end":{"line":182,"column":null}}},"fnMap":{"0":{"name":"setTeamSlug","decl":{"start":{"line":11,"column":16},"end":{"line":11,"column":28}},"loc":{"start":{"line":11,"column":42},"end":{"line":12,"column":null}},"line":11},"1":{"name":"getTeamSlug","decl":{"start":{"line":15,"column":16},"end":{"line":15,"column":45}},"loc":{"start":{"line":15,"column":45},"end":{"line":16,"column":null}},"line":15},"2":{"name":"setAccessToken","decl":{"start":{"line":19,"column":16},"end":{"line":19,"column":31}},"loc":{"start":{"line":19,"column":53},"end":{"line":20,"column":null}},"line":19},"3":{"name":"getAccessToken","decl":{"start":{"line":23,"column":16},"end":{"line":23,"column":48}},"loc":{"start":{"line":23,"column":48},"end":{"line":24,"column":null}},"line":23},"4":{"name":"clearTokens","decl":{"start":{"line":27,"column":16},"end":{"line":27,"column":30}},"loc":{"start":{"line":27,"column":30},"end":{"line":28,"column":null}},"line":27},"5":{"name":"setSessionCookie","decl":{"start":{"line":34,"column":16},"end":{"line":34,"column":35}},"loc":{"start":{"line":34,"column":35},"end":{"line":37,"column":null}},"line":34},"6":{"name":"clearSessionCookie","decl":{"start":{"line":41,"column":16},"end":{"line":41,"column":37}},"loc":{"start":{"line":41,"column":37},"end":{"line":43,"column":null}},"line":41},"7":{"name":"attemptRefresh","decl":{"start":{"line":47,"column":15},"end":{"line":47,"column":50}},"loc":{"start":{"line":47,"column":50},"end":{"line":59,"column":null}},"line":47},"8":{"name":"apiFetch","decl":{"start":{"line":63,"column":22},"end":{"line":63,"column":null}},"loc":{"start":{"line":67,"column":14},"end":{"line":125,"column":null}},"line":67},"9":{"name":"(anonymous_9)","decl":{"start":{"line":95,"column":36},"end":{"line":95,"column":42}},"loc":{"start":{"line":95,"column":48},"end":{"line":95,"column":84}},"line":95},"10":{"name":"(anonymous_10)","decl":{"start":{"line":112,"column":11},"end":{"line":112,"column":16}},"loc":{"start":{"line":112,"column":39},"end":{"line":112,"column":77}},"line":112},"11":{"name":"(anonymous_11)","decl":{"start":{"line":129,"column":13},"end":{"line":129,"column":27}},"loc":{"start":{"line":129,"column":44},"end":{"line":129,"column":61}},"line":129},"12":{"name":"getPowerBests","decl":{"start":{"line":131,"column":22},"end":{"line":131,"column":66}},"loc":{"start":{"line":131,"column":66},"end":{"line":132,"column":null}},"line":131},"13":{"name":"getDistanceBests","decl":{"start":{"line":135,"column":22},"end":{"line":135,"column":72}},"loc":{"start":{"line":135,"column":72},"end":{"line":136,"column":null}},"line":135},"14":{"name":"apiDownload","decl":{"start":{"line":139,"column":22},"end":{"line":139,"column":null}},"loc":{"start":{"line":143,"column":17},"end":{"line":182,"column":null}},"line":143}},"branchMap":{"0":{"loc":{"start":{"line":3,"column":23},"end":{"line":3,"column":null}},"type":"binary-expr","locations":[{"start":{"line":3,"column":23},"end":{"line":3,"column":58}},{"start":{"line":3,"column":58},"end":{"line":3,"column":null}}],"line":3},"1":{"loc":{"start":{"line":35,"column":2},"end":{"line":37,"column":null}},"type":"if","locations":[{"start":{"line":35,"column":2},"end":{"line":37,"column":null}},{"start":{},"end":{}}],"line":35},"2":{"loc":{"start":{"line":42,"column":2},"end":{"line":43,"column":null}},"type":"if","locations":[{"start":{"line":42,"column":2},"end":{"line":43,"column":null}},{"start":{},"end":{}}],"line":42},"3":{"loc":{"start":{"line":48,"column":2},"end":{"line":48,"column":null}},"type":"if","locations":[{"start":{"line":48,"column":2},"end":{"line":48,"column":null}},{"start":{},"end":{}}],"line":48},"4":{"loc":{"start":{"line":54,"column":4},"end":{"line":54,"column":null}},"type":"if","locations":[{"start":{"line":54,"column":4},"end":{"line":54,"column":null}},{"start":{},"end":{}}],"line":54},"5":{"loc":{"start":{"line":65,"column":2},"end":{"line":65,"column":27}},"type":"default-arg","locations":[{"start":{"line":65,"column":25},"end":{"line":65,"column":27}}],"line":65},"6":{"loc":{"start":{"line":66,"column":2},"end":{"line":66,"column":null}},"type":"default-arg","locations":[{"start":{"line":66,"column":10},"end":{"line":66,"column":null}}],"line":66},"7":{"loc":{"start":{"line":72,"column":2},"end":{"line":73,"column":null}},"type":"if","locations":[{"start":{"line":72,"column":2},"end":{"line":73,"column":null}},{"start":{},"end":{}}],"line":72},"8":{"loc":{"start":{"line":77,"column":2},"end":{"line":78,"column":null}},"type":"if","locations":[{"start":{"line":77,"column":2},"end":{"line":78,"column":null}},{"start":{},"end":{}}],"line":77},"9":{"loc":{"start":{"line":78,"column":30},"end":{"line":78,"column":null}},"type":"binary-expr","locations":[{"start":{"line":78,"column":30},"end":{"line":78,"column":57}},{"start":{"line":78,"column":57},"end":{"line":78,"column":null}}],"line":78},"10":{"loc":{"start":{"line":87,"column":2},"end":{"line":100,"column":null}},"type":"if","locations":[{"start":{"line":87,"column":2},"end":{"line":100,"column":null}},{"start":{},"end":{}}],"line":87},"11":{"loc":{"start":{"line":87,"column":6},"end":{"line":87,"column":35}},"type":"binary-expr","locations":[{"start":{"line":87,"column":6},"end":{"line":87,"column":28}},{"start":{"line":87,"column":28},"end":{"line":87,"column":35}}],"line":87},"12":{"loc":{"start":{"line":89,"column":4},"end":{"line":90,"column":null}},"type":"if","locations":[{"start":{"line":89,"column":4},"end":{"line":90,"column":null}},{"start":{},"end":{}}],"line":89},"13":{"loc":{"start":{"line":93,"column":4},"end":{"line":97,"column":null}},"type":"if","locations":[{"start":{"line":93,"column":4},"end":{"line":97,"column":null}},{"start":{},"end":{}}],"line":93},"14":{"loc":{"start":{"line":96,"column":6},"end":{"line":97,"column":null}},"type":"if","locations":[{"start":{"line":96,"column":6},"end":{"line":97,"column":null}},{"start":{},"end":{}}],"line":96},"15":{"loc":{"start":{"line":97,"column":31},"end":{"line":97,"column":null}},"type":"cond-expr","locations":[{"start":{"line":97,"column":43},"end":{"line":97,"column":69}},{"start":{"line":97,"column":69},"end":{"line":97,"column":null}}],"line":97},"16":{"loc":{"start":{"line":103,"column":2},"end":{"line":120,"column":null}},"type":"if","locations":[{"start":{"line":103,"column":2},"end":{"line":120,"column":null}},{"start":{},"end":{}}],"line":103},"17":{"loc":{"start":{"line":107,"column":6},"end":{"line":115,"column":null}},"type":"if","locations":[{"start":{"line":107,"column":6},"end":{"line":115,"column":null}},{"start":{"line":109,"column":17},"end":{"line":115,"column":null}}],"line":107},"18":{"loc":{"start":{"line":109,"column":17},"end":{"line":115,"column":null}},"type":"if","locations":[{"start":{"line":109,"column":17},"end":{"line":115,"column":null}},{"start":{"line":114,"column":17},"end":{"line":115,"column":null}}],"line":109},"19":{"loc":{"start":{"line":109,"column":17},"end":{"line":109,"column":69}},"type":"binary-expr","locations":[{"start":{"line":109,"column":17},"end":{"line":109,"column":42}},{"start":{"line":109,"column":46},"end":{"line":109,"column":69}}],"line":109},"20":{"loc":{"start":{"line":114,"column":17},"end":{"line":115,"column":null}},"type":"if","locations":[{"start":{"line":114,"column":17},"end":{"line":115,"column":null}},{"start":{},"end":{}}],"line":114},"21":{"loc":{"start":{"line":123,"column":2},"end":{"line":123,"column":null}},"type":"if","locations":[{"start":{"line":123,"column":2},"end":{"line":123,"column":null}},{"start":{},"end":{}}],"line":123},"22":{"loc":{"start":{"line":142,"column":2},"end":{"line":142,"column":null}},"type":"default-arg","locations":[{"start":{"line":142,"column":10},"end":{"line":142,"column":null}}],"line":142},"23":{"loc":{"start":{"line":145,"column":2},"end":{"line":146,"column":null}},"type":"if","locations":[{"start":{"line":145,"column":2},"end":{"line":146,"column":null}},{"start":{},"end":{}}],"line":145},"24":{"loc":{"start":{"line":151,"column":2},"end":{"line":160,"column":null}},"type":"if","locations":[{"start":{"line":151,"column":2},"end":{"line":160,"column":null}},{"start":{},"end":{}}],"line":151},"25":{"loc":{"start":{"line":151,"column":6},"end":{"line":151,"column":35}},"type":"binary-expr","locations":[{"start":{"line":151,"column":6},"end":{"line":151,"column":28}},{"start":{"line":151,"column":28},"end":{"line":151,"column":35}}],"line":151},"26":{"loc":{"start":{"line":153,"column":4},"end":{"line":154,"column":null}},"type":"if","locations":[{"start":{"line":153,"column":4},"end":{"line":154,"column":null}},{"start":{},"end":{}}],"line":153},"27":{"loc":{"start":{"line":157,"column":4},"end":{"line":158,"column":null}},"type":"if","locations":[{"start":{"line":157,"column":4},"end":{"line":158,"column":null}},{"start":{},"end":{}}],"line":157},"28":{"loc":{"start":{"line":158,"column":29},"end":{"line":158,"column":null}},"type":"cond-expr","locations":[{"start":{"line":158,"column":41},"end":{"line":158,"column":67}},{"start":{"line":158,"column":67},"end":{"line":158,"column":null}}],"line":158},"29":{"loc":{"start":{"line":163,"column":2},"end":{"line":171,"column":null}},"type":"if","locations":[{"start":{"line":163,"column":2},"end":{"line":171,"column":null}},{"start":{},"end":{}}],"line":163},"30":{"loc":{"start":{"line":167,"column":16},"end":{"line":167,"column":null}},"type":"binary-expr","locations":[{"start":{"line":167,"column":16},"end":{"line":167,"column":30}},{"start":{"line":167,"column":30},"end":{"line":167,"column":45}},{"start":{"line":167,"column":45},"end":{"line":167,"column":null}}],"line":167}},"s":{"0":2,"1":2,"2":2,"3":4,"4":0,"5":41,"6":4,"7":3,"8":0,"9":0,"10":0,"11":0,"12":0,"13":3,"14":0,"15":3,"16":3,"17":3,"18":1,"19":2,"20":2,"21":2,"22":0,"23":17,"24":17,"25":4,"26":17,"27":16,"28":17,"29":17,"30":3,"31":3,"32":2,"33":1,"34":1,"35":1,"36":1,"37":3,"38":1,"39":1,"40":1,"41":14,"42":5,"43":5,"44":5,"45":3,"46":2,"47":1,"48":0,"49":0,"50":1,"51":1,"52":5,"53":9,"54":1,"55":8,"56":2,"57":0,"58":0,"59":0,"60":0,"61":0,"62":0,"63":0,"64":0,"65":0,"66":0,"67":0,"68":0,"69":0,"70":0,"71":0,"72":0,"73":0,"74":0,"75":0,"76":0,"77":0,"78":0,"79":0,"80":0,"81":0,"82":0,"83":0,"84":0,"85":0,"86":0},"f":{"0":4,"1":0,"2":41,"3":4,"4":3,"5":0,"6":0,"7":3,"8":17,"9":3,"10":0,"11":0,"12":0,"13":0,"14":0},"b":{"0":[2,2],"1":[0,0],"2":[0,0],"3":[0,3],"4":[1,2],"5":[17],"6":[17],"7":[4,13],"8":[16,1],"9":[16,16],"10":[3,14],"11":[17,4],"12":[2,1],"13":[1,0],"14":[1,0],"15":[1,0],"16":[5,9],"17":[2,1],"18":[0,1],"19":[1,0],"20":[1,0],"21":[1,8],"22":[0],"23":[0,0],"24":[0,0],"25":[0,0],"26":[0,0],"27":[0,0],"28":[0,0],"29":[0,0],"30":[0,0,0]},"meta":{"lastBranch":31,"lastFunction":15,"lastStatement":87,"seen":{"s:3:23:3:Infinity":0,"b:3:23:3:58:3:58:3:Infinity":0,"s:6:34:6:Infinity":1,"s:9:31:9:Infinity":2,"f:11:16:11:28":0,"s:12:2:12:Infinity":3,"f:15:16:15:45":1,"s:16:2:16:Infinity":4,"f:19:16:19:31":2,"s:20:2:20:Infinity":5,"f:23:16:23:48":3,"s:24:2:24:Infinity":6,"f:27:16:27:30":4,"s:28:2:28:Infinity":7,"f:34:16:34:35":5,"b:35:2:37:Infinity:undefined:undefined:undefined:undefined":1,"s:35:2:37:Infinity":8,"s:36:19:36:Infinity":9,"s:37:4:37:Infinity":10,"f:41:16:41:37":6,"b:42:2:43:Infinity:undefined:undefined:undefined:undefined":2,"s:42:2:43:Infinity":11,"s:43:4:43:Infinity":12,"f:47:15:47:50":7,"b:48:2:48:Infinity:undefined:undefined:undefined:undefined":3,"s:48:2:48:Infinity":13,"s:48:18:48:Infinity":14,"s:49:2:59:Infinity":15,"s:50:16:53:6":16,"b:54:4:54:Infinity:undefined:undefined:undefined:undefined":4,"s:54:4:54:Infinity":17,"s:54:17:54:Infinity":18,"s:55:28:55:44":19,"s:56:4:56:Infinity":20,"s:57:4:57:Infinity":21,"s:59:4:59:Infinity":22,"f:63:22:63:Infinity":8,"b:65:25:65:27":5,"b:66:10:66:Infinity":6,"s:68:42:69:Infinity":23,"b:72:2:73:Infinity:undefined:undefined:undefined:undefined":7,"s:72:2:73:Infinity":24,"s:73:4:73:Infinity":25,"b:77:2:78:Infinity:undefined:undefined:undefined:undefined":8,"s:77:2:78:Infinity":26,"s:78:4:78:Infinity":27,"b:78:30:78:57:78:57:78:Infinity":9,"s:81:14:85:4":28,"b:87:2:100:Infinity:undefined:undefined:undefined:undefined":10,"s:87:2:100:Infinity":29,"b:87:6:87:28:87:28:87:35":11,"s:88:22:88:44":30,"b:89:4:90:Infinity:undefined:undefined:undefined:undefined":12,"s:89:4:90:Infinity":31,"s:90:6:90:Infinity":32,"s:92:4:92:Infinity":33,"b:93:4:97:Infinity:undefined:undefined:undefined:undefined":13,"s:93:4:97:Infinity":34,"s:94:25:94:Infinity":35,"s:95:25:95:85":36,"f:95:36:95:42":9,"s:95:48:95:84":37,"b:96:6:97:Infinity:undefined:undefined:undefined:undefined":14,"s:96:6:97:Infinity":38,"s:97:8:97:Infinity":39,"b:97:43:97:69:97:69:97:Infinity":15,"s:100:4:100:Infinity":40,"b:103:2:120:Infinity:undefined:undefined:undefined:undefined":16,"s:103:2:120:Infinity":41,"s:104:18:104:Infinity":42,"s:105:4:117:Infinity":43,"s:106:18:106:34":44,"b:107:6:115:Infinity:109:17:115:Infinity":17,"s:107:6:115:Infinity":45,"s:108:8:108:Infinity":46,"b:109:17:115:Infinity:114:17:115:Infinity":18,"s:109:17:115:Infinity":47,"b:109:17:109:42:109:46:109:69":19,"s:111:8:113:Infinity":48,"f:112:11:112:16":10,"s:112:39:112:77":49,"b:114:17:115:Infinity:undefined:undefined:undefined:undefined":20,"s:114:17:115:Infinity":50,"s:115:8:115:Infinity":51,"s:120:4:120:Infinity":52,"b:123:2:123:Infinity:undefined:undefined:undefined:undefined":21,"s:123:2:123:Infinity":53,"s:123:26:123:Infinity":54,"s:125:2:125:Infinity":55,"s:129:13:129:61":56,"f:129:13:129:27":11,"s:129:44:129:61":57,"f:131:22:131:66":12,"s:132:2:132:Infinity":58,"f:135:22:135:72":13,"s:136:2:136:Infinity":59,"f:139:22:139:Infinity":14,"b:142:10:142:Infinity":22,"s:144:42:144:44":60,"b:145:2:146:Infinity:undefined:undefined:undefined:undefined":23,"s:145:2:146:Infinity":61,"s:146:4:146:Infinity":62,"s:149:14:149:83":63,"b:151:2:160:Infinity:undefined:undefined:undefined:undefined":24,"s:151:2:160:Infinity":64,"b:151:6:151:28:151:28:151:35":25,"s:152:22:152:44":65,"b:153:4:154:Infinity:undefined:undefined:undefined:undefined":26,"s:153:4:154:Infinity":66,"s:154:6:154:Infinity":67,"s:156:4:156:Infinity":68,"b:157:4:158:Infinity:undefined:undefined:undefined:undefined":27,"s:157:4:158:Infinity":69,"s:158:6:158:Infinity":70,"b:158:41:158:67:158:67:158:Infinity":28,"s:160:4:160:Infinity":71,"b:163:2:171:Infinity:undefined:undefined:undefined:undefined":29,"s:163:2:171:Infinity":72,"s:164:18:164:Infinity":73,"s:165:4:168:Infinity":74,"s:166:18:166:34":75,"s:167:6:167:Infinity":76,"b:167:16:167:30:167:30:167:45:167:45:167:Infinity":30,"s:171:4:171:Infinity":77,"s:174:15:174:31":78,"s:175:14:175:39":79,"s:176:12:176:39":80,"s:177:2:177:Infinity":81,"s:178:2:178:Infinity":82,"s:179:2:179:Infinity":83,"s:180:2:180:Infinity":84,"s:181:2:181:Infinity":85,"s:182:2:182:Infinity":86}}}
,"/home/lassi/projects/openkoutsi/frontend/src/lib/llm.ts": {"path":"/home/lassi/projects/openkoutsi/frontend/src/lib/llm.ts","statementMap":{"0":{"start":{"line":33,"column":8},"end":{"line":33,"column":76}},"1":{"start":{"line":34,"column":2},"end":{"line":34,"column":null}},"2":{"start":{"line":34,"column":17},"end":{"line":34,"column":null}},"3":{"start":{"line":35,"column":2},"end":{"line":39,"column":null}},"4":{"start":{"line":46,"column":8},"end":{"line":46,"column":32}},"5":{"start":{"line":47,"column":2},"end":{"line":47,"column":null}},"6":{"start":{"line":59,"column":15},"end":{"line":65,"column":4}},"7":{"start":{"line":67,"column":2},"end":{"line":84,"column":null}},"8":{"start":{"line":69,"column":4},"end":{"line":79,"column":null}},"9":{"start":{"line":70,"column":22},"end":{"line":73,"column":8}},"10":{"start":{"line":74,"column":6},"end":{"line":77,"column":null}},"11":{"start":{"line":75,"column":21},"end":{"line":75,"column":41}},"12":{"start":{"line":76,"column":8},"end":{"line":76,"column":null}},"13":{"start":{"line":77,"column":8},"end":{"line":77,"column":null}},"14":{"start":{"line":82,"column":4},"end":{"line":82,"column":null}},"15":{"start":{"line":83,"column":4},"end":{"line":83,"column":null}},"16":{"start":{"line":83,"column":39},"end":{"line":83,"column":null}},"17":{"start":{"line":84,"column":4},"end":{"line":84,"column":null}},"18":{"start":{"line":87,"column":2},"end":{"line":87,"column":null}},"19":{"start":{"line":93,"column":2},"end":{"line":97,"column":null}},"20":{"start":{"line":99,"column":48},"end":{"line":114,"column":null}},"21":{"start":{"line":117,"column":2},"end":{"line":117,"column":null}},"22":{"start":{"line":117,"column":15},"end":{"line":117,"column":null}},"23":{"start":{"line":118,"column":19},"end":{"line":118,"column":null}},"24":{"start":{"line":119,"column":2},"end":{"line":119,"column":null}},"25":{"start":{"line":119,"column":17},"end":{"line":119,"column":null}},"26":{"start":{"line":120,"column":2},"end":{"line":120,"column":null}},"27":{"start":{"line":124,"column":26},"end":{"line":125,"column":null}},"28":{"start":{"line":128,"column":2},"end":{"line":130,"column":null}},"29":{"start":{"line":129,"column":14},"end":{"line":129,"column":43}},"30":{"start":{"line":130,"column":4},"end":{"line":130,"column":null}},"31":{"start":{"line":132,"column":2},"end":{"line":136,"column":null}},"32":{"start":{"line":133,"column":14},"end":{"line":133,"column":52}},"33":{"start":{"line":134,"column":14},"end":{"line":134,"column":59}},"34":{"start":{"line":135,"column":14},"end":{"line":135,"column":null}},"35":{"start":{"line":136,"column":4},"end":{"line":136,"column":null}},"36":{"start":{"line":138,"column":2},"end":{"line":139,"column":null}},"37":{"start":{"line":139,"column":4},"end":{"line":139,"column":null}},"38":{"start":{"line":140,"column":2},"end":{"line":141,"column":null}},"39":{"start":{"line":141,"column":4},"end":{"line":141,"column":null}},"40":{"start":{"line":142,"column":2},"end":{"line":143,"column":null}},"41":{"start":{"line":143,"column":4},"end":{"line":143,"column":null}},"42":{"start":{"line":144,"column":2},"end":{"line":145,"column":null}},"43":{"start":{"line":145,"column":4},"end":{"line":145,"column":null}},"44":{"start":{"line":146,"column":2},"end":{"line":147,"column":null}},"45":{"start":{"line":147,"column":4},"end":{"line":147,"column":null}},"46":{"start":{"line":148,"column":2},"end":{"line":149,"column":null}},"47":{"start":{"line":149,"column":4},"end":{"line":149,"column":null}},"48":{"start":{"line":150,"column":2},"end":{"line":151,"column":null}},"49":{"start":{"line":151,"column":4},"end":{"line":151,"column":null}},"50":{"start":{"line":152,"column":2},"end":{"line":153,"column":null}},"51":{"start":{"line":153,"column":4},"end":{"line":153,"column":null}},"52":{"start":{"line":154,"column":2},"end":{"line":154,"column":null}},"53":{"start":{"line":154,"column":27},"end":{"line":154,"column":null}},"54":{"start":{"line":155,"column":2},"end":{"line":155,"column":null}},"55":{"start":{"line":155,"column":30},"end":{"line":155,"column":null}},"56":{"start":{"line":157,"column":2},"end":{"line":157,"column":null}},"57":{"start":{"line":172,"column":15},"end":{"line":181,"column":null}},"58":{"start":{"line":184,"column":2},"end":{"line":186,"column":null}},"59":{"start":{"line":185,"column":17},"end":{"line":185,"column":50}},"60":{"start":{"line":185,"column":47},"end":{"line":185,"column":50}},"61":{"start":{"line":186,"column":4},"end":{"line":186,"column":null}},"62":{"start":{"line":189,"column":17},"end":{"line":189,"column":39}},"63":{"start":{"line":190,"column":18},"end":{"line":190,"column":35}},"64":{"start":{"line":191,"column":20},"end":{"line":191,"column":null}},"65":{"start":{"line":193,"column":2},"end":{"line":208,"column":null}},"66":{"start":{"line":193,"column":9},"end":{"line":208,"column":null}},"67":{"start":{"line":194,"column":28},"end":{"line":194,"column":47}},"68":{"start":{"line":195,"column":4},"end":{"line":195,"column":null}},"69":{"start":{"line":195,"column":14},"end":{"line":195,"column":null}},"70":{"start":{"line":196,"column":17},"end":{"line":196,"column":56}},"71":{"start":{"line":197,"column":4},"end":{"line":208,"column":null}},"72":{"start":{"line":198,"column":6},"end":{"line":198,"column":null}},"73":{"start":{"line":198,"column":38},"end":{"line":198,"column":null}},"74":{"start":{"line":199,"column":19},"end":{"line":199,"column":32}},"75":{"start":{"line":200,"column":6},"end":{"line":200,"column":null}},"76":{"start":{"line":200,"column":36},"end":{"line":200,"column":null}},"77":{"start":{"line":201,"column":6},"end":{"line":208,"column":null}},"78":{"start":{"line":202,"column":22},"end":{"line":202,"column":38}},"79":{"start":{"line":203,"column":32},"end":{"line":203,"column":null}},"80":{"start":{"line":204,"column":8},"end":{"line":206,"column":null}},"81":{"start":{"line":205,"column":10},"end":{"line":205,"column":null}},"82":{"start":{"line":206,"column":10},"end":{"line":206,"column":null}},"83":{"start":{"line":214,"column":2},"end":{"line":214,"column":null}},"84":{"start":{"line":236,"column":2},"end":{"line":239,"column":null}},"85":{"start":{"line":241,"column":28},"end":{"line":241,"column":null}},"86":{"start":{"line":273,"column":42},"end":{"line":276,"column":null}},"87":{"start":{"line":284,"column":20},"end":{"line":286,"column":107}},"88":{"start":{"line":285,"column":20},"end":{"line":285,"column":50}},"89":{"start":{"line":286,"column":17},"end":{"line":286,"column":107}},"90":{"start":{"line":288,"column":26},"end":{"line":297,"column":null}},"91":{"start":{"line":299,"column":2},"end":{"line":299,"column":null}},"92":{"start":{"line":299,"column":12},"end":{"line":299,"column":null}},"93":{"start":{"line":300,"column":2},"end":{"line":300,"column":null}},"94":{"start":{"line":300,"column":31},"end":{"line":300,"column":null}},"95":{"start":{"line":301,"column":2},"end":{"line":301,"column":null}},"96":{"start":{"line":301,"column":19},"end":{"line":301,"column":null}},"97":{"start":{"line":303,"column":2},"end":{"line":303,"column":null}},"98":{"start":{"line":305,"column":2},"end":{"line":305,"column":null}},"99":{"start":{"line":309,"column":2},"end":{"line":309,"column":null}},"100":{"start":{"line":310,"column":16},"end":{"line":310,"column":61}},"101":{"start":{"line":311,"column":2},"end":{"line":311,"column":null}},"102":{"start":{"line":311,"column":13},"end":{"line":311,"column":null}},"103":{"start":{"line":312,"column":2},"end":{"line":312,"column":null}},"104":{"start":{"line":316,"column":15},"end":{"line":316,"column":43}},"105":{"start":{"line":317,"column":20},"end":{"line":317,"column":null}},"106":{"start":{"line":318,"column":2},"end":{"line":319,"column":null}},"107":{"start":{"line":319,"column":4},"end":{"line":319,"column":null}},"108":{"start":{"line":321,"column":2},"end":{"line":334,"column":null}},"109":{"start":{"line":322,"column":4},"end":{"line":323,"column":null}},"110":{"start":{"line":323,"column":6},"end":{"line":323,"column":null}},"111":{"start":{"line":325,"column":4},"end":{"line":333,"column":null}},"112":{"start":{"line":326,"column":22},"end":{"line":326,"column":52}},"113":{"start":{"line":327,"column":19},"end":{"line":333,"column":9}},"114":{"start":{"line":348,"column":21},"end":{"line":348,"column":69}},"115":{"start":{"line":351,"column":17},"end":{"line":358,"column":6}},"116":{"start":{"line":359,"column":4},"end":{"line":361,"column":null}},"117":{"start":{"line":360,"column":19},"end":{"line":360,"column":52}},"118":{"start":{"line":360,"column":49},"end":{"line":360,"column":52}},"119":{"start":{"line":361,"column":6},"end":{"line":361,"column":null}},"120":{"start":{"line":363,"column":17},"end":{"line":363,"column":34}},"121":{"start":{"line":364,"column":4},"end":{"line":364,"column":null}},"122":{"start":{"line":367,"column":14},"end":{"line":367,"column":29}},"123":{"start":{"line":368,"column":2},"end":{"line":373,"column":null}},"124":{"start":{"line":369,"column":4},"end":{"line":369,"column":null}},"125":{"start":{"line":372,"column":17},"end":{"line":372,"column":32}},"126":{"start":{"line":373,"column":4},"end":{"line":373,"column":null}}},"fnMap":{"0":{"name":"getLlmConfig","decl":{"start":{"line":30,"column":16},"end":{"line":30,"column":null}},"loc":{"start":{"line":32,"column":20},"end":{"line":39,"column":null}},"line":32},"1":{"name":"_authHeaders","decl":{"start":{"line":45,"column":9},"end":{"line":45,"column":48}},"loc":{"start":{"line":45,"column":48},"end":{"line":47,"column":null}},"line":45},"2":{"name":"_proxyFetch","decl":{"start":{"line":54,"column":15},"end":{"line":54,"column":null}},"loc":{"start":{"line":58,"column":21},"end":{"line":87,"column":null}},"line":58},"3":{"name":"buildAnalysisSystemPrompt","decl":{"start":{"line":116,"column":9},"end":{"line":116,"column":35}},"loc":{"start":{"line":116,"column":60},"end":{"line":120,"column":null}},"line":116},"4":{"name":"buildAnalysisPrompt","decl":{"start":{"line":123,"column":9},"end":{"line":123,"column":29}},"loc":{"start":{"line":123,"column":88},"end":{"line":157,"column":null}},"line":123},"5":{"name":"streamAnalysis","decl":{"start":{"line":165,"column":22},"end":{"line":165,"column":null}},"loc":{"start":{"line":171,"column":19},"end":{"line":214,"column":null}},"line":171},"6":{"name":"(anonymous_6)","decl":{"start":{"line":185,"column":35},"end":{"line":185,"column":47}},"loc":{"start":{"line":185,"column":47},"end":{"line":185,"column":50}},"line":185},"7":{"name":"buildPlanPrompt","decl":{"start":{"line":278,"column":9},"end":{"line":278,"column":null}},"loc":{"start":{"line":283,"column":10},"end":{"line":305,"column":null}},"line":283},"8":{"name":"(anonymous_8)","decl":{"start":{"line":285,"column":5},"end":{"line":285,"column":11}},"loc":{"start":{"line":285,"column":20},"end":{"line":285,"column":50}},"line":285},"9":{"name":"(anonymous_9)","decl":{"start":{"line":286,"column":5},"end":{"line":286,"column":10}},"loc":{"start":{"line":286,"column":17},"end":{"line":286,"column":107}},"line":286},"10":{"name":"extractJson","decl":{"start":{"line":308,"column":9},"end":{"line":308,"column":21}},"loc":{"start":{"line":308,"column":43},"end":{"line":312,"column":null}},"line":308},"11":{"name":"parsePlanResponse","decl":{"start":{"line":315,"column":9},"end":{"line":315,"column":27}},"loc":{"start":{"line":315,"column":74},"end":{"line":334,"column":null}},"line":315},"12":{"name":"(anonymous_12)","decl":{"start":{"line":321,"column":19},"end":{"line":321,"column":24}},"loc":{"start":{"line":321,"column":33},"end":{"line":334,"column":null}},"line":321},"13":{"name":"(anonymous_13)","decl":{"start":{"line":326,"column":7},"end":{"line":326,"column":13}},"loc":{"start":{"line":326,"column":22},"end":{"line":326,"column":52}},"line":326},"14":{"name":"(anonymous_14)","decl":{"start":{"line":327,"column":7},"end":{"line":327,"column":12}},"loc":{"start":{"line":327,"column":19},"end":{"line":333,"column":9}},"line":327},"15":{"name":"generatePlanWeeks","decl":{"start":{"line":342,"column":22},"end":{"line":342,"column":null}},"loc":{"start":{"line":347,"column":27},"end":{"line":373,"column":null}},"line":347},"16":{"name":"callLlm","decl":{"start":{"line":350,"column":17},"end":{"line":350,"column":44}},"loc":{"start":{"line":350,"column":44},"end":{"line":364,"column":null}},"line":350},"17":{"name":"(anonymous_17)","decl":{"start":{"line":360,"column":37},"end":{"line":360,"column":49}},"loc":{"start":{"line":360,"column":49},"end":{"line":360,"column":52}},"line":360}},"branchMap":{"0":{"loc":{"start":{"line":34,"column":2},"end":{"line":34,"column":null}},"type":"if","locations":[{"start":{"line":34,"column":2},"end":{"line":34,"column":null}},{"start":{},"end":{}}],"line":34},"1":{"loc":{"start":{"line":37,"column":13},"end":{"line":37,"column":62}},"type":"binary-expr","locations":[{"start":{"line":37,"column":13},"end":{"line":37,"column":50}},{"start":{"line":37,"column":50},"end":{"line":37,"column":62}}],"line":37},"2":{"loc":{"start":{"line":47,"column":9},"end":{"line":47,"column":58}},"type":"cond-expr","locations":[{"start":{"line":47,"column":17},"end":{"line":47,"column":53}},{"start":{"line":47,"column":56},"end":{"line":47,"column":58}}],"line":47},"3":{"loc":{"start":{"line":57,"column":2},"end":{"line":57,"column":null}},"type":"default-arg","locations":[{"start":{"line":57,"column":10},"end":{"line":57,"column":null}}],"line":57},"4":{"loc":{"start":{"line":67,"column":2},"end":{"line":84,"column":null}},"type":"if","locations":[{"start":{"line":67,"column":2},"end":{"line":84,"column":null}},{"start":{},"end":{}}],"line":67},"5":{"loc":{"start":{"line":67,"column":6},"end":{"line":67,"column":36}},"type":"binary-expr","locations":[{"start":{"line":67,"column":6},"end":{"line":67,"column":29}},{"start":{"line":67,"column":29},"end":{"line":67,"column":36}}],"line":67},"6":{"loc":{"start":{"line":74,"column":6},"end":{"line":77,"column":null}},"type":"if","locations":[{"start":{"line":74,"column":6},"end":{"line":77,"column":null}},{"start":{},"end":{}}],"line":74},"7":{"loc":{"start":{"line":83,"column":4},"end":{"line":83,"column":null}},"type":"if","locations":[{"start":{"line":83,"column":4},"end":{"line":83,"column":null}},{"start":{},"end":{}}],"line":83},"8":{"loc":{"start":{"line":117,"column":2},"end":{"line":117,"column":null}},"type":"if","locations":[{"start":{"line":117,"column":2},"end":{"line":117,"column":null}},{"start":{},"end":{}}],"line":117},"9":{"loc":{"start":{"line":119,"column":2},"end":{"line":119,"column":null}},"type":"if","locations":[{"start":{"line":119,"column":2},"end":{"line":119,"column":null}},{"start":{},"end":{}}],"line":119},"10":{"loc":{"start":{"line":125,"column":29},"end":{"line":125,"column":68}},"type":"binary-expr","locations":[{"start":{"line":125,"column":29},"end":{"line":125,"column":52}},{"start":{"line":125,"column":52},"end":{"line":125,"column":68}}],"line":125},"11":{"loc":{"start":{"line":128,"column":2},"end":{"line":130,"column":null}},"type":"if","locations":[{"start":{"line":128,"column":2},"end":{"line":130,"column":null}},{"start":{},"end":{}}],"line":128},"12":{"loc":{"start":{"line":132,"column":2},"end":{"line":136,"column":null}},"type":"if","locations":[{"start":{"line":132,"column":2},"end":{"line":136,"column":null}},{"start":{},"end":{}}],"line":132},"13":{"loc":{"start":{"line":136,"column":30},"end":{"line":136,"column":50}},"type":"cond-expr","locations":[{"start":{"line":136,"column":34},"end":{"line":136,"column":45}},{"start":{"line":136,"column":45},"end":{"line":136,"column":50}}],"line":136},"14":{"loc":{"start":{"line":138,"column":2},"end":{"line":139,"column":null}},"type":"if","locations":[{"start":{"line":138,"column":2},"end":{"line":139,"column":null}},{"start":{},"end":{}}],"line":138},"15":{"loc":{"start":{"line":140,"column":2},"end":{"line":141,"column":null}},"type":"if","locations":[{"start":{"line":140,"column":2},"end":{"line":141,"column":null}},{"start":{},"end":{}}],"line":140},"16":{"loc":{"start":{"line":142,"column":2},"end":{"line":143,"column":null}},"type":"if","locations":[{"start":{"line":142,"column":2},"end":{"line":143,"column":null}},{"start":{},"end":{}}],"line":142},"17":{"loc":{"start":{"line":144,"column":2},"end":{"line":145,"column":null}},"type":"if","locations":[{"start":{"line":144,"column":2},"end":{"line":145,"column":null}},{"start":{},"end":{}}],"line":144},"18":{"loc":{"start":{"line":146,"column":2},"end":{"line":147,"column":null}},"type":"if","locations":[{"start":{"line":146,"column":2},"end":{"line":147,"column":null}},{"start":{},"end":{}}],"line":146},"19":{"loc":{"start":{"line":148,"column":2},"end":{"line":149,"column":null}},"type":"if","locations":[{"start":{"line":148,"column":2},"end":{"line":149,"column":null}},{"start":{},"end":{}}],"line":148},"20":{"loc":{"start":{"line":150,"column":2},"end":{"line":151,"column":null}},"type":"if","locations":[{"start":{"line":150,"column":2},"end":{"line":151,"column":null}},{"start":{},"end":{}}],"line":150},"21":{"loc":{"start":{"line":152,"column":2},"end":{"line":153,"column":null}},"type":"if","locations":[{"start":{"line":152,"column":2},"end":{"line":153,"column":null}},{"start":{},"end":{}}],"line":152},"22":{"loc":{"start":{"line":154,"column":2},"end":{"line":154,"column":null}},"type":"if","locations":[{"start":{"line":154,"column":2},"end":{"line":154,"column":null}},{"start":{},"end":{}}],"line":154},"23":{"loc":{"start":{"line":155,"column":2},"end":{"line":155,"column":null}},"type":"if","locations":[{"start":{"line":155,"column":2},"end":{"line":155,"column":null}},{"start":{},"end":{}}],"line":155},"24":{"loc":{"start":{"line":184,"column":2},"end":{"line":186,"column":null}},"type":"if","locations":[{"start":{"line":184,"column":2},"end":{"line":186,"column":null}},{"start":{},"end":{}}],"line":184},"25":{"loc":{"start":{"line":195,"column":4},"end":{"line":195,"column":null}},"type":"if","locations":[{"start":{"line":195,"column":4},"end":{"line":195,"column":null}},{"start":{},"end":{}}],"line":195},"26":{"loc":{"start":{"line":198,"column":6},"end":{"line":198,"column":null}},"type":"if","locations":[{"start":{"line":198,"column":6},"end":{"line":198,"column":null}},{"start":{},"end":{}}],"line":198},"27":{"loc":{"start":{"line":200,"column":6},"end":{"line":200,"column":null}},"type":"if","locations":[{"start":{"line":200,"column":6},"end":{"line":200,"column":null}},{"start":{},"end":{}}],"line":200},"28":{"loc":{"start":{"line":203,"column":32},"end":{"line":203,"column":null}},"type":"binary-expr","locations":[{"start":{"line":203,"column":32},"end":{"line":203,"column":70}},{"start":{"line":203,"column":70},"end":{"line":203,"column":null}}],"line":203},"29":{"loc":{"start":{"line":204,"column":8},"end":{"line":206,"column":null}},"type":"if","locations":[{"start":{"line":204,"column":8},"end":{"line":206,"column":null}},{"start":{},"end":{}}],"line":204},"30":{"loc":{"start":{"line":286,"column":72},"end":{"line":286,"column":107}},"type":"cond-expr","locations":[{"start":{"line":286,"column":83},"end":{"line":286,"column":102}},{"start":{"line":286,"column":102},"end":{"line":286,"column":107}}],"line":286},"31":{"loc":{"start":{"line":299,"column":2},"end":{"line":299,"column":null}},"type":"if","locations":[{"start":{"line":299,"column":2},"end":{"line":299,"column":null}},{"start":{},"end":{}}],"line":299},"32":{"loc":{"start":{"line":300,"column":2},"end":{"line":300,"column":null}},"type":"if","locations":[{"start":{"line":300,"column":2},"end":{"line":300,"column":null}},{"start":{},"end":{}}],"line":300},"33":{"loc":{"start":{"line":301,"column":2},"end":{"line":301,"column":null}},"type":"if","locations":[{"start":{"line":301,"column":2},"end":{"line":301,"column":null}},{"start":{},"end":{}}],"line":301},"34":{"loc":{"start":{"line":311,"column":2},"end":{"line":311,"column":null}},"type":"if","locations":[{"start":{"line":311,"column":2},"end":{"line":311,"column":null}},{"start":{},"end":{}}],"line":311},"35":{"loc":{"start":{"line":318,"column":2},"end":{"line":319,"column":null}},"type":"if","locations":[{"start":{"line":318,"column":2},"end":{"line":319,"column":null}},{"start":{},"end":{}}],"line":318},"36":{"loc":{"start":{"line":322,"column":4},"end":{"line":323,"column":null}},"type":"if","locations":[{"start":{"line":322,"column":4},"end":{"line":323,"column":null}},{"start":{},"end":{}}],"line":322},"37":{"loc":{"start":{"line":329,"column":29},"end":{"line":329,"column":54}},"type":"binary-expr","locations":[{"start":{"line":329,"column":29},"end":{"line":329,"column":47}},{"start":{"line":329,"column":47},"end":{"line":329,"column":54}}],"line":329},"38":{"loc":{"start":{"line":330,"column":22},"end":{"line":330,"column":null}},"type":"binary-expr","locations":[{"start":{"line":330,"column":22},"end":{"line":330,"column":69}},{"start":{"line":330,"column":69},"end":{"line":330,"column":null}}],"line":330},"39":{"loc":{"start":{"line":331,"column":22},"end":{"line":331,"column":null}},"type":"cond-expr","locations":[{"start":{"line":331,"column":47},"end":{"line":331,"column":69}},{"start":{"line":331,"column":72},"end":{"line":331,"column":null}}],"line":331},"40":{"loc":{"start":{"line":332,"column":20},"end":{"line":332,"column":null}},"type":"cond-expr","locations":[{"start":{"line":332,"column":43},"end":{"line":332,"column":63}},{"start":{"line":332,"column":66},"end":{"line":332,"column":null}}],"line":332},"41":{"loc":{"start":{"line":359,"column":4},"end":{"line":361,"column":null}},"type":"if","locations":[{"start":{"line":359,"column":4},"end":{"line":361,"column":null}},{"start":{},"end":{}}],"line":359}},"s":{"0":0,"1":0,"2":0,"3":0,"4":0,"5":0,"6":0,"7":0,"8":0,"9":0,"10":0,"11":0,"12":0,"13":0,"14":0,"15":0,"16":0,"17":0,"18":0,"19":0,"20":0,"21":0,"22":0,"23":0,"24":0,"25":0,"26":0,"27":0,"28":0,"29":0,"30":0,"31":0,"32":0,"33":0,"34":0,"35":0,"36":0,"37":0,"38":0,"39":0,"40":0,"41":0,"42":0,"43":0,"44":0,"45":0,"46":0,"47":0,"48":0,"49":0,"50":0,"51":0,"52":0,"53":0,"54":0,"55":0,"56":0,"57":0,"58":0,"59":0,"60":0,"61":0,"62":0,"63":0,"64":0,"65":0,"66":0,"67":0,"68":0,"69":0,"70":0,"71":0,"72":0,"73":0,"74":0,"75":0,"76":0,"77":0,"78":0,"79":0,"80":0,"81":0,"82":0,"83":0,"84":0,"85":0,"86":0,"87":0,"88":0,"89":0,"90":0,"91":0,"92":0,"93":0,"94":0,"95":0,"96":0,"97":0,"98":0,"99":0,"100":0,"101":0,"102":0,"103":0,"104":0,"105":0,"106":0,"107":0,"108":0,"109":0,"110":0,"111":0,"112":0,"113":0,"114":0,"115":0,"116":0,"117":0,"118":0,"119":0,"120":0,"121":0,"122":0,"123":0,"124":0,"125":0,"126":0},"f":{"0":0,"1":0,"2":0,"3":0,"4":0,"5":0,"6":0,"7":0,"8":0,"9":0,"10":0,"11":0,"12":0,"13":0,"14":0,"15":0,"16":0,"17":0},"b":{"0":[0,0],"1":[0,0],"2":[0,0],"3":[0],"4":[0,0],"5":[0,0],"6":[0,0],"7":[0,0],"8":[0,0],"9":[0,0],"10":[0,0],"11":[0,0],"12":[0,0],"13":[0,0],"14":[0,0],"15":[0,0],"16":[0,0],"17":[0,0],"18":[0,0],"19":[0,0],"20":[0,0],"21":[0,0],"22":[0,0],"23":[0,0],"24":[0,0],"25":[0,0],"26":[0,0],"27":[0,0],"28":[0,0],"29":[0,0],"30":[0,0],"31":[0,0],"32":[0,0],"33":[0,0],"34":[0,0],"35":[0,0],"36":[0,0],"37":[0,0],"38":[0,0],"39":[0,0],"40":[0,0],"41":[0,0]},"meta":{"lastBranch":42,"lastFunction":18,"lastStatement":127,"seen":{"f:30:16:30:Infinity":0,"s:33:8:33:76":0,"b:34:2:34:Infinity:undefined:undefined:undefined:undefined":0,"s:34:2:34:Infinity":1,"s:34:17:34:Infinity":2,"s:35:2:39:Infinity":3,"b:37:13:37:50:37:50:37:62":1,"f:45:9:45:48":1,"s:46:8:46:32":4,"s:47:2:47:Infinity":5,"b:47:17:47:53:47:56:47:58":2,"f:54:15:54:Infinity":2,"b:57:10:57:Infinity":3,"s:59:15:65:4":6,"b:67:2:84:Infinity:undefined:undefined:undefined:undefined":4,"s:67:2:84:Infinity":7,"b:67:6:67:29:67:29:67:36":5,"s:69:4:79:Infinity":8,"s:70:22:73:8":9,"b:74:6:77:Infinity:undefined:undefined:undefined:undefined":6,"s:74:6:77:Infinity":10,"s:75:21:75:41":11,"s:76:8:76:Infinity":12,"s:77:8:77:Infinity":13,"s:82:4:82:Infinity":14,"b:83:4:83:Infinity:undefined:undefined:undefined:undefined":7,"s:83:4:83:Infinity":15,"s:83:39:83:Infinity":16,"s:84:4:84:Infinity":17,"s:87:2:87:Infinity":18,"s:93:2:97:Infinity":19,"s:99:48:114:Infinity":20,"f:116:9:116:35":3,"b:117:2:117:Infinity:undefined:undefined:undefined:undefined":8,"s:117:2:117:Infinity":21,"s:117:15:117:Infinity":22,"s:118:19:118:Infinity":23,"b:119:2:119:Infinity:undefined:undefined:undefined:undefined":9,"s:119:2:119:Infinity":24,"s:119:17:119:Infinity":25,"s:120:2:120:Infinity":26,"f:123:9:123:29":4,"s:124:26:125:Infinity":27,"b:125:29:125:52:125:52:125:68":10,"b:128:2:130:Infinity:undefined:undefined:undefined:undefined":11,"s:128:2:130:Infinity":28,"s:129:14:129:43":29,"s:130:4:130:Infinity":30,"b:132:2:136:Infinity:undefined:undefined:undefined:undefined":12,"s:132:2:136:Infinity":31,"s:133:14:133:52":32,"s:134:14:134:59":33,"s:135:14:135:Infinity":34,"s:136:4:136:Infinity":35,"b:136:34:136:45:136:45:136:50":13,"b:138:2:139:Infinity:undefined:undefined:undefined:undefined":14,"s:138:2:139:Infinity":36,"s:139:4:139:Infinity":37,"b:140:2:141:Infinity:undefined:undefined:undefined:undefined":15,"s:140:2:141:Infinity":38,"s:141:4:141:Infinity":39,"b:142:2:143:Infinity:undefined:undefined:undefined:undefined":16,"s:142:2:143:Infinity":40,"s:143:4:143:Infinity":41,"b:144:2:145:Infinity:undefined:undefined:undefined:undefined":17,"s:144:2:145:Infinity":42,"s:145:4:145:Infinity":43,"b:146:2:147:Infinity:undefined:undefined:undefined:undefined":18,"s:146:2:147:Infinity":44,"s:147:4:147:Infinity":45,"b:148:2:149:Infinity:undefined:undefined:undefined:undefined":19,"s:148:2:149:Infinity":46,"s:149:4:149:Infinity":47,"b:150:2:151:Infinity:undefined:undefined:undefined:undefined":20,"s:150:2:151:Infinity":48,"s:151:4:151:Infinity":49,"b:152:2:153:Infinity:undefined:undefined:undefined:undefined":21,"s:152:2:153:Infinity":50,"s:153:4:153:Infinity":51,"b:154:2:154:Infinity:undefined:undefined:undefined:undefined":22,"s:154:2:154:Infinity":52,"s:154:27:154:Infinity":53,"b:155:2:155:Infinity:undefined:undefined:undefined:undefined":23,"s:155:2:155:Infinity":54,"s:155:30:155:Infinity":55,"s:157:2:157:Infinity":56,"f:165:22:165:Infinity":5,"s:172:15:181:Infinity":57,"b:184:2:186:Infinity:undefined:undefined:undefined:undefined":24,"s:184:2:186:Infinity":58,"s:185:17:185:50":59,"f:185:35:185:47":6,"s:185:47:185:50":60,"s:186:4:186:Infinity":61,"s:189:17:189:39":62,"s:190:18:190:35":63,"s:191:20:191:Infinity":64,"s:193:2:208:Infinity":65,"s:193:9:208:Infinity":66,"s:194:28:194:47":67,"b:195:4:195:Infinity:undefined:undefined:undefined:undefined":25,"s:195:4:195:Infinity":68,"s:195:14:195:Infinity":69,"s:196:17:196:56":70,"s:197:4:208:Infinity":71,"b:198:6:198:Infinity:undefined:undefined:undefined:undefined":26,"s:198:6:198:Infinity":72,"s:198:38:198:Infinity":73,"s:199:19:199:32":74,"b:200:6:200:Infinity:undefined:undefined:undefined:undefined":27,"s:200:6:200:Infinity":75,"s:200:36:200:Infinity":76,"s:201:6:208:Infinity":77,"s:202:22:202:38":78,"s:203:32:203:Infinity":79,"b:203:32:203:70:203:70:203:Infinity":28,"b:204:8:206:Infinity:undefined:undefined:undefined:undefined":29,"s:204:8:206:Infinity":80,"s:205:10:205:Infinity":81,"s:206:10:206:Infinity":82,"s:214:2:214:Infinity":83,"s:236:2:239:Infinity":84,"s:241:28:241:Infinity":85,"s:273:42:276:Infinity":86,"f:278:9:278:Infinity":7,"s:284:20:286:107":87,"f:285:5:285:11":8,"s:285:20:285:50":88,"f:286:5:286:10":9,"s:286:17:286:107":89,"b:286:83:286:102:286:102:286:107":30,"s:288:26:297:Infinity":90,"b:299:2:299:Infinity:undefined:undefined:undefined:undefined":31,"s:299:2:299:Infinity":91,"s:299:12:299:Infinity":92,"b:300:2:300:Infinity:undefined:undefined:undefined:undefined":32,"s:300:2:300:Infinity":93,"s:300:31:300:Infinity":94,"b:301:2:301:Infinity:undefined:undefined:undefined:undefined":33,"s:301:2:301:Infinity":95,"s:301:19:301:Infinity":96,"s:303:2:303:Infinity":97,"s:305:2:305:Infinity":98,"f:308:9:308:21":10,"s:309:2:309:Infinity":99,"s:310:16:310:61":100,"b:311:2:311:Infinity:undefined:undefined:undefined:undefined":34,"s:311:2:311:Infinity":101,"s:311:13:311:Infinity":102,"s:312:2:312:Infinity":103,"f:315:9:315:27":11,"s:316:15:316:43":104,"s:317:20:317:Infinity":105,"b:318:2:319:Infinity:undefined:undefined:undefined:undefined":35,"s:318:2:319:Infinity":106,"s:319:4:319:Infinity":107,"s:321:2:334:Infinity":108,"f:321:19:321:24":12,"b:322:4:323:Infinity:undefined:undefined:undefined:undefined":36,"s:322:4:323:Infinity":109,"s:323:6:323:Infinity":110,"s:325:4:333:Infinity":111,"f:326:7:326:13":13,"s:326:22:326:52":112,"f:327:7:327:12":14,"s:327:19:333:9":113,"b:329:29:329:47:329:47:329:54":37,"b:330:22:330:69:330:69:330:Infinity":38,"b:331:47:331:69:331:72:331:Infinity":39,"b:332:43:332:63:332:66:332:Infinity":40,"f:342:22:342:Infinity":15,"s:348:21:348:69":114,"f:350:17:350:44":16,"s:351:17:358:6":115,"b:359:4:361:Infinity:undefined:undefined:undefined:undefined":41,"s:359:4:361:Infinity":116,"s:360:19:360:52":117,"f:360:37:360:49":17,"s:360:49:360:52":118,"s:361:6:361:Infinity":119,"s:363:17:363:34":120,"s:364:4:364:Infinity":121,"s:367:14:367:29":122,"s:368:2:373:Infinity":123,"s:369:4:369:Infinity":124,"s:372:17:372:32":125,"s:373:4:373:Infinity":126}}}
,"/home/lassi/projects/openkoutsi/frontend/src/lib/utils.ts": {"path":"/home/lassi/projects/openkoutsi/frontend/src/lib/utils.ts","statementMap":{"0":{"start":{"line":5,"column":2},"end":{"line":5,"column":null}},"1":{"start":{"line":9,"column":2},"end":{"line":13,"column":null}},"2":{"start":{"line":17,"column":12},"end":{"line":17,"column":38}},"3":{"start":{"line":18,"column":12},"end":{"line":18,"column":45}},"4":{"start":{"line":19,"column":12},"end":{"line":19,"column":null}},"5":{"start":{"line":20,"column":2},"end":{"line":20,"column":null}},"6":{"start":{"line":20,"column":13},"end":{"line":20,"column":null}},"7":{"start":{"line":21,"column":2},"end":{"line":21,"column":null}},"8":{"start":{"line":21,"column":13},"end":{"line":21,"column":null}},"9":{"start":{"line":22,"column":2},"end":{"line":22,"column":null}},"10":{"start":{"line":26,"column":2},"end":{"line":26,"column":null}},"11":{"start":{"line":26,"column":22},"end":{"line":26,"column":null}},"12":{"start":{"line":27,"column":2},"end":{"line":27,"column":null}},"13":{"start":{"line":31,"column":2},"end":{"line":31,"column":null}},"14":{"start":{"line":31,"column":21},"end":{"line":31,"column":null}},"15":{"start":{"line":32,"column":2},"end":{"line":32,"column":null}},"16":{"start":{"line":36,"column":2},"end":{"line":36,"column":null}},"17":{"start":{"line":36,"column":19},"end":{"line":36,"column":null}},"18":{"start":{"line":37,"column":2},"end":{"line":37,"column":null}},"19":{"start":{"line":42,"column":2},"end":{"line":42,"column":null}},"20":{"start":{"line":50,"column":2},"end":{"line":50,"column":null}},"21":{"start":{"line":50,"column":27},"end":{"line":50,"column":null}},"22":{"start":{"line":51,"column":2},"end":{"line":51,"column":null}},"23":{"start":{"line":51,"column":27},"end":{"line":51,"column":null}},"24":{"start":{"line":52,"column":2},"end":{"line":52,"column":null}},"25":{"start":{"line":52,"column":27},"end":{"line":52,"column":null}},"26":{"start":{"line":53,"column":2},"end":{"line":53,"column":null}},"27":{"start":{"line":53,"column":27},"end":{"line":53,"column":null}},"28":{"start":{"line":54,"column":2},"end":{"line":54,"column":null}},"29":{"start":{"line":59,"column":12},"end":{"line":59,"column":31}},"30":{"start":{"line":60,"column":2},"end":{"line":60,"column":null}},"31":{"start":{"line":60,"column":14},"end":{"line":60,"column":null}},"32":{"start":{"line":61,"column":12},"end":{"line":61,"column":30}},"33":{"start":{"line":62,"column":14},"end":{"line":62,"column":null}},"34":{"start":{"line":63,"column":2},"end":{"line":63,"column":null}},"35":{"start":{"line":68,"column":15},"end":{"line":68,"column":null}},"36":{"start":{"line":69,"column":2},"end":{"line":69,"column":null}},"37":{"start":{"line":74,"column":12},"end":{"line":74,"column":38}},"38":{"start":{"line":75,"column":12},"end":{"line":75,"column":45}},"39":{"start":{"line":76,"column":12},"end":{"line":76,"column":null}},"40":{"start":{"line":77,"column":2},"end":{"line":77,"column":null}},"41":{"start":{"line":77,"column":13},"end":{"line":77,"column":null}},"42":{"start":{"line":78,"column":2},"end":{"line":78,"column":null}}},"fnMap":{"0":{"name":"cn","decl":{"start":{"line":4,"column":16},"end":{"line":4,"column":19}},"loc":{"start":{"line":4,"column":44},"end":{"line":5,"column":null}},"line":4},"1":{"name":"formatDate","decl":{"start":{"line":8,"column":16},"end":{"line":8,"column":27}},"loc":{"start":{"line":8,"column":52},"end":{"line":13,"column":null}},"line":8},"2":{"name":"formatDuration","decl":{"start":{"line":16,"column":16},"end":{"line":16,"column":31}},"loc":{"start":{"line":16,"column":56},"end":{"line":22,"column":null}},"line":16},"3":{"name":"formatDistance","decl":{"start":{"line":25,"column":16},"end":{"line":25,"column":31}},"loc":{"start":{"line":25,"column":55},"end":{"line":27,"column":null}},"line":25},"4":{"name":"formatPower","decl":{"start":{"line":30,"column":16},"end":{"line":30,"column":28}},"loc":{"start":{"line":30,"column":70},"end":{"line":32,"column":null}},"line":30},"5":{"name":"formatHR","decl":{"start":{"line":35,"column":16},"end":{"line":35,"column":25}},"loc":{"start":{"line":35,"column":65},"end":{"line":37,"column":null}},"line":35},"6":{"name":"formatDistanceLabel","decl":{"start":{"line":41,"column":16},"end":{"line":41,"column":36}},"loc":{"start":{"line":41,"column":60},"end":{"line":42,"column":null}},"line":41},"7":{"name":"niceTickStepMinutes","decl":{"start":{"line":49,"column":16},"end":{"line":49,"column":36}},"loc":{"start":{"line":49,"column":66},"end":{"line":54,"column":null}},"line":49},"8":{"name":"formatChartTime","decl":{"start":{"line":58,"column":16},"end":{"line":58,"column":32}},"loc":{"start":{"line":58,"column":57},"end":{"line":63,"column":null}},"line":58},"9":{"name":"formatSpeedKmh","decl":{"start":{"line":67,"column":16},"end":{"line":67,"column":31}},"loc":{"start":{"line":67,"column":75},"end":{"line":69,"column":null}},"line":67},"10":{"name":"formatTime","decl":{"start":{"line":73,"column":16},"end":{"line":73,"column":27}},"loc":{"start":{"line":73,"column":52},"end":{"line":78,"column":null}},"line":73}},"branchMap":{"0":{"loc":{"start":{"line":20,"column":2},"end":{"line":20,"column":null}},"type":"if","locations":[{"start":{"line":20,"column":2},"end":{"line":20,"column":null}},{"start":{},"end":{}}],"line":20},"1":{"loc":{"start":{"line":21,"column":2},"end":{"line":21,"column":null}},"type":"if","locations":[{"start":{"line":21,"column":2},"end":{"line":21,"column":null}},{"start":{},"end":{}}],"line":21},"2":{"loc":{"start":{"line":26,"column":2},"end":{"line":26,"column":null}},"type":"if","locations":[{"start":{"line":26,"column":2},"end":{"line":26,"column":null}},{"start":{},"end":{}}],"line":26},"3":{"loc":{"start":{"line":31,"column":2},"end":{"line":31,"column":null}},"type":"if","locations":[{"start":{"line":31,"column":2},"end":{"line":31,"column":null}},{"start":{},"end":{}}],"line":31},"4":{"loc":{"start":{"line":36,"column":2},"end":{"line":36,"column":null}},"type":"if","locations":[{"start":{"line":36,"column":2},"end":{"line":36,"column":null}},{"start":{},"end":{}}],"line":36},"5":{"loc":{"start":{"line":50,"column":2},"end":{"line":50,"column":null}},"type":"if","locations":[{"start":{"line":50,"column":2},"end":{"line":50,"column":null}},{"start":{},"end":{}}],"line":50},"6":{"loc":{"start":{"line":51,"column":2},"end":{"line":51,"column":null}},"type":"if","locations":[{"start":{"line":51,"column":2},"end":{"line":51,"column":null}},{"start":{},"end":{}}],"line":51},"7":{"loc":{"start":{"line":52,"column":2},"end":{"line":52,"column":null}},"type":"if","locations":[{"start":{"line":52,"column":2},"end":{"line":52,"column":null}},{"start":{},"end":{}}],"line":52},"8":{"loc":{"start":{"line":53,"column":2},"end":{"line":53,"column":null}},"type":"if","locations":[{"start":{"line":53,"column":2},"end":{"line":53,"column":null}},{"start":{},"end":{}}],"line":53},"9":{"loc":{"start":{"line":60,"column":2},"end":{"line":60,"column":null}},"type":"if","locations":[{"start":{"line":60,"column":2},"end":{"line":60,"column":null}},{"start":{},"end":{}}],"line":60},"10":{"loc":{"start":{"line":63,"column":9},"end":{"line":63,"column":null}},"type":"cond-expr","locations":[{"start":{"line":63,"column":21},"end":{"line":63,"column":31}},{"start":{"line":63,"column":31},"end":{"line":63,"column":null}}],"line":63},"11":{"loc":{"start":{"line":77,"column":2},"end":{"line":77,"column":null}},"type":"if","locations":[{"start":{"line":77,"column":2},"end":{"line":77,"column":null}},{"start":{},"end":{}}],"line":77}},"s":{"0":5,"1":1,"2":9,"3":9,"4":9,"5":9,"6":3,"7":6,"8":6,"9":3,"10":5,"11":3,"12":2,"13":5,"14":2,"15":3,"16":5,"17":2,"18":3,"19":0,"20":0,"21":0,"22":0,"23":0,"24":0,"25":0,"26":0,"27":0,"28":0,"29":0,"30":0,"31":0,"32":0,"33":0,"34":0,"35":0,"36":0,"37":0,"38":0,"39":0,"40":0,"41":0,"42":0},"f":{"0":5,"1":1,"2":9,"3":5,"4":5,"5":5,"6":0,"7":0,"8":0,"9":0,"10":0},"b":{"0":[3,6],"1":[3,3],"2":[3,2],"3":[2,3],"4":[2,3],"5":[0,0],"6":[0,0],"7":[0,0],"8":[0,0],"9":[0,0],"10":[0,0],"11":[0,0]},"meta":{"lastBranch":12,"lastFunction":11,"lastStatement":43,"seen":{"f:4:16:4:19":0,"s:5:2:5:Infinity":0,"f:8:16:8:27":1,"s:9:2:13:Infinity":1,"f:16:16:16:31":2,"s:17:12:17:38":2,"s:18:12:18:45":3,"s:19:12:19:Infinity":4,"b:20:2:20:Infinity:undefined:undefined:undefined:undefined":0,"s:20:2:20:Infinity":5,"s:20:13:20:Infinity":6,"b:21:2:21:Infinity:undefined:undefined:undefined:undefined":1,"s:21:2:21:Infinity":7,"s:21:13:21:Infinity":8,"s:22:2:22:Infinity":9,"f:25:16:25:31":3,"b:26:2:26:Infinity:undefined:undefined:undefined:undefined":2,"s:26:2:26:Infinity":10,"s:26:22:26:Infinity":11,"s:27:2:27:Infinity":12,"f:30:16:30:28":4,"b:31:2:31:Infinity:undefined:undefined:undefined:undefined":3,"s:31:2:31:Infinity":13,"s:31:21:31:Infinity":14,"s:32:2:32:Infinity":15,"f:35:16:35:25":5,"b:36:2:36:Infinity:undefined:undefined:undefined:undefined":4,"s:36:2:36:Infinity":16,"s:36:19:36:Infinity":17,"s:37:2:37:Infinity":18,"f:41:16:41:36":6,"s:42:2:42:Infinity":19,"f:49:16:49:36":7,"b:50:2:50:Infinity:undefined:undefined:undefined:undefined":5,"s:50:2:50:Infinity":20,"s:50:27:50:Infinity":21,"b:51:2:51:Infinity:undefined:undefined:undefined:undefined":6,"s:51:2:51:Infinity":22,"s:51:27:51:Infinity":23,"b:52:2:52:Infinity:undefined:undefined:undefined:undefined":7,"s:52:2:52:Infinity":24,"s:52:27:52:Infinity":25,"b:53:2:53:Infinity:undefined:undefined:undefined:undefined":8,"s:53:2:53:Infinity":26,"s:53:27:53:Infinity":27,"s:54:2:54:Infinity":28,"f:58:16:58:32":8,"s:59:12:59:31":29,"b:60:2:60:Infinity:undefined:undefined:undefined:undefined":9,"s:60:2:60:Infinity":30,"s:60:14:60:Infinity":31,"s:61:12:61:30":32,"s:62:14:62:Infinity":33,"s:63:2:63:Infinity":34,"b:63:21:63:31:63:31:63:Infinity":10,"f:67:16:67:31":9,"s:68:15:68:Infinity":35,"s:69:2:69:Infinity":36,"f:73:16:73:27":10,"s:74:12:74:38":37,"s:75:12:75:45":38,"s:76:12:76:Infinity":39,"b:77:2:77:Infinity:undefined:undefined:undefined:undefined":11,"s:77:2:77:Infinity":40,"s:77:13:77:Infinity":41,"s:78:2:78:Infinity":42}}}
}
